<?xml version="1.0" encoding="UTF-8"?>
<testsuite name="com.kodilla.testing.forum.statistics.StatisticTestSuite" tests="7" skipped="0" failures="0" errors="0" timestamp="2018-10-30T16:23:42" hostname="MacBook-Pro-Jacek.local" time="0.029">
  <properties/>
  <testcase name="testShouldCalculateStatisticWith0Comment" classname="com.kodilla.testing.forum.statistics.StatisticTestSuite" time="0.025"/>
  <testcase name="testShouldCalculateStatisticWith100Users" classname="com.kodilla.testing.forum.statistics.StatisticTestSuite" time="0.0"/>
  <testcase name="testShouldCalculateStatisticWhenIsMoreCommentsThanPosts" classname="com.kodilla.testing.forum.statistics.StatisticTestSuite" time="0.001"/>
  <testcase name="testShouldCalculateStatisticWith0User" classname="com.kodilla.testing.forum.statistics.StatisticTestSuite" time="0.001"/>
  <testcase name="testShouldCalculateStatisticWith0Posts" classname="com.kodilla.testing.forum.statistics.StatisticTestSuite" time="0.0"/>
  <testcase name="testShouldCalculateStatisticWhenIsMorePostsThanComments" classname="com.kodilla.testing.forum.statistics.StatisticTestSuite" time="0.0"/>
  <testcase name="testShouldCalculateStatisticWith1000Posts" classname="com.kodilla.testing.forum.statistics.StatisticTestSuite" time="0.0"/>
  <system-out><![CDATA[]]></system-out>
  <system-err><![CDATA[]]></system-err>
</testsuite>
