<?xml version="1.0" encoding="UTF-8"?>
<testsuite name="com.kodilla.testing.shape.ShapeCollectorTestSuite" tests="3" skipped="0" failures="0" errors="0" timestamp="2018-10-30T16:23:42" hostname="MacBook-Pro-Jacek.local" time="0.002">
  <properties/>
  <testcase name="testShouldGetShapeFromShapeList" classname="com.kodilla.testing.shape.ShapeCollectorTestSuite" time="0.001"/>
  <testcase name="testShouldAddShapeToShapeList" classname="com.kodilla.testing.shape.ShapeCollectorTestSuite" time="0.0"/>
  <testcase name="testShouldRemoveShapeFromShapeList" classname="com.kodilla.testing.shape.ShapeCollectorTestSuite" time="0.0"/>
  <system-out><![CDATA[This is the beginning of tests.
Preparing to execute test #1
Preparing to execute test #2
Preparing to execute test #3
All tests are finished.
]]></system-out>
  <system-err><![CDATA[]]></system-err>
</testsuite>
